<?xml version="1.0" encoding="UTF-8"?>
<testng-results ignored="0" total="6" passed="5" failed="1" skipped="0">
  <reporter-output>
  </reporter-output>
  <suite started-at="2024-04-14T00:10:56 IST" name="Suite" finished-at="2024-04-14T00:11:49 IST" duration-ms="52966">
    <groups>
    </groups>
    <test started-at="2024-04-14T00:10:56 IST" name="Test" finished-at="2024-04-14T00:11:49 IST" duration-ms="52966">
      <class name="org.hcode.tests.CarDetailsTests">
        <test-method is-config="true" signature="setUp()[pri:0, instance:org.hcode.tests.CarDetailsTests@53fb3dab]" started-at="2024-04-14T00:10:56 IST" name="setUp" finished-at="2024-04-14T00:11:35 IST" duration-ms="38834" status="PASS">
          <reporter-output>
          </reporter-output>
        </test-method> <!-- setUp -->
        <test-method signature="printCarDataTest()[pri:0, instance:org.hcode.tests.CarDetailsTests@53fb3dab]" started-at="2024-04-14T00:11:35 IST" name="printCarDataTest" finished-at="2024-04-14T00:11:48 IST" duration-ms="13150" status="PASS">
          <reporter-output>
          </reporter-output>
        </test-method> <!-- printCarDataTest -->
        <test-method is-config="true" signature="tearDown()[pri:0, instance:org.hcode.tests.CarDetailsTests@53fb3dab]" started-at="2024-04-14T00:11:48 IST" name="tearDown" finished-at="2024-04-14T00:11:49 IST" duration-ms="901" status="PASS">
          <reporter-output>
          </reporter-output>
        </test-method> <!-- tearDown -->
      </class> <!-- org.hcode.tests.CarDetailsTests -->
      <class name="org.hcode.tests.UploadTestCases">
        <test-method is-config="true" signature="setUp()[pri:0, instance:org.hcode.tests.UploadTestCases@2e385cce]" started-at="2024-04-14T00:10:56 IST" name="setUp" finished-at="2024-04-14T00:11:13 IST" duration-ms="16371" status="PASS">
          <reporter-output>
          </reporter-output>
        </test-method> <!-- setUp -->
        <test-method signature="clickUploadExists()[pri:0, instance:org.hcode.tests.UploadTestCases@2e385cce]" started-at="2024-04-14T00:11:13 IST" name="clickUploadExists" finished-at="2024-04-14T00:11:16 IST" duration-ms="3232" status="PASS">
          <reporter-output>
          </reporter-output>
        </test-method> <!-- clickUploadExists -->
        <test-method is-config="true" signature="tearDown()[pri:0, instance:org.hcode.tests.UploadTestCases@2e385cce]" started-at="2024-04-14T00:11:16 IST" name="tearDown" finished-at="2024-04-14T00:11:20 IST" duration-ms="4019" status="PASS">
          <reporter-output>
          </reporter-output>
        </test-method> <!-- tearDown -->
        <test-method is-config="true" signature="setUp()[pri:0, instance:org.hcode.tests.UploadTestCases@2e385cce]" started-at="2024-04-14T00:11:22 IST" name="setUp" finished-at="2024-04-14T00:11:38 IST" duration-ms="15962" status="PASS">
          <reporter-output>
          </reporter-output>
        </test-method> <!-- setUp -->
        <test-method signature="testFileUpload(java.lang.String)[pri:0, instance:org.hcode.tests.UploadTestCases@2e385cce]" started-at="2024-04-14T00:11:38 IST" name="testFileUpload" data-provider="filePaths" finished-at="2024-04-14T00:11:40 IST" depends-on-methods="org.hcode.tests.UploadTestCases.clickUploadExists" duration-ms="2833" status="PASS">
          <params>
            <param index="0">
              <value>
                <![CDATA[C:\Users\dev\Desktop\pratham\cbimage (4).png]]>
              </value>
            </param>
          </params>
          <reporter-output>
          </reporter-output>
        </test-method> <!-- testFileUpload -->
        <test-method is-config="true" signature="tearDown()[pri:0, instance:org.hcode.tests.UploadTestCases@2e385cce]" started-at="2024-04-14T00:11:40 IST" name="tearDown" finished-at="2024-04-14T00:11:44 IST" duration-ms="3718" status="PASS">
          <reporter-output>
          </reporter-output>
        </test-method> <!-- tearDown -->
      </class> <!-- org.hcode.tests.UploadTestCases -->
      <class name="org.hcode.tests.CommonWebElementsTests">
        <test-method is-config="true" signature="setUp()[pri:0, instance:org.hcode.tests.CommonWebElementsTests@cb0755b]" started-at="2024-04-14T00:10:56 IST" name="setUp" finished-at="2024-04-14T00:11:32 IST" duration-ms="35431" status="PASS">
          <reporter-output>
          </reporter-output>
        </test-method> <!-- setUp -->
        <test-method is-config="true" signature="setUp()[pri:0, instance:org.hcode.tests.CommonWebElementsTests@cb0755b]" started-at="2024-04-14T00:10:56 IST" name="setUp" finished-at="2024-04-14T00:11:31 IST" duration-ms="34462" status="PASS">
          <reporter-output>
          </reporter-output>
        </test-method> <!-- setUp -->
        <test-method signature="commonTest()[pri:0, instance:org.hcode.tests.CommonWebElementsTests@cb0755b]" started-at="2024-04-14T00:11:31 IST" name="commonTest" finished-at="2024-04-14T00:11:32 IST" duration-ms="984" status="PASS">
          <reporter-output>
          </reporter-output>
        </test-method> <!-- commonTest -->
        <test-method signature="clickHatchBack()[pri:0, instance:org.hcode.tests.CommonWebElementsTests@cb0755b]" started-at="2024-04-14T00:11:32 IST" name="clickHatchBack" finished-at="2024-04-14T00:11:32 IST" duration-ms="715" status="PASS">
          <reporter-output>
          </reporter-output>
        </test-method> <!-- clickHatchBack -->
        <test-method is-config="true" signature="tearDown()[pri:0, instance:org.hcode.tests.CommonWebElementsTests@cb0755b]" started-at="2024-04-14T00:11:32 IST" name="tearDown" finished-at="2024-04-14T00:11:35 IST" duration-ms="3494" status="PASS">
          <reporter-output>
          </reporter-output>
        </test-method> <!-- tearDown -->
        <test-method is-config="true" signature="tearDown()[pri:0, instance:org.hcode.tests.CommonWebElementsTests@cb0755b]" started-at="2024-04-14T00:11:32 IST" name="tearDown" finished-at="2024-04-14T00:11:40 IST" duration-ms="7875" status="PASS">
          <reporter-output>
          </reporter-output>
        </test-method> <!-- tearDown -->
      </class> <!-- org.hcode.tests.CommonWebElementsTests -->
      <class name="org.hcode.tests.WebTablesTests">
        <test-method is-config="true" signature="setUp()[pri:0, instance:org.hcode.tests.WebTablesTests@33065d67]" started-at="2024-04-14T00:10:56 IST" name="setUp" finished-at="2024-04-14T00:11:32 IST" duration-ms="36014" status="PASS">
          <reporter-output>
          </reporter-output>
        </test-method> <!-- setUp -->
        <test-method signature="findName()[pri:0, instance:org.hcode.tests.WebTablesTests@33065d67]" started-at="2024-04-14T00:11:32 IST" name="findName" finished-at="2024-04-14T00:11:33 IST" duration-ms="405" status="FAIL">
          <exception class="java.lang.AssertionError">
            <message>
              <![CDATA[Shri Prashant Kumar is not present in the list. expected [true] but found [false]]]>
            </message>
            <full-stacktrace>
              <![CDATA[java.lang.AssertionError: Shri Prashant Kumar is not present in the list. expected [true] but found [false]
at org.testng.Assert.fail(Assert.java:111)
at org.testng.Assert.failNotEquals(Assert.java:1578)
at org.testng.Assert.assertTrue(Assert.java:57)
at org.hcode.tests.WebTablesTests.findName(WebTablesTests.java:26)
at java.base/jdk.internal.reflect.NativeMethodAccessorImpl.invoke0(Native Method)
at java.base/jdk.internal.reflect.NativeMethodAccessorImpl.invoke(NativeMethodAccessorImpl.java:64)
at java.base/jdk.internal.reflect.DelegatingMethodAccessorImpl.invoke(DelegatingMethodAccessorImpl.java:43)
at java.base/java.lang.reflect.Method.invoke(Method.java:564)
at org.testng.internal.invokers.MethodInvocationHelper.invokeMethod(MethodInvocationHelper.java:139)
at org.testng.internal.invokers.TestInvoker.invokeMethod(TestInvoker.java:664)
at org.testng.internal.invokers.TestInvoker.invokeTestMethod(TestInvoker.java:228)
at org.testng.internal.invokers.MethodRunner.runInSequence(MethodRunner.java:63)
at org.testng.internal.invokers.TestInvoker$MethodInvocationAgent.invoke(TestInvoker.java:961)
at org.testng.internal.invokers.TestInvoker.invokeTestMethods(TestInvoker.java:201)
at org.testng.internal.invokers.TestMethodWorker.invokeTestMethods(TestMethodWorker.java:148)
at org.testng.internal.invokers.TestMethodWorker.run(TestMethodWorker.java:128)
at java.base/java.util.concurrent.Executors$RunnableAdapter.call(Executors.java:515)
at java.base/java.util.concurrent.FutureTask.run(FutureTask.java:264)
at org.testng.internal.thread.graph.TestNGFutureTask.run(TestNGFutureTask.java:22)
at java.base/java.util.concurrent.ThreadPoolExecutor.runWorker(ThreadPoolExecutor.java:1130)
at java.base/java.util.concurrent.ThreadPoolExecutor$Worker.run(ThreadPoolExecutor.java:630)
at java.base/java.lang.Thread.run(Thread.java:832)
]]>
            </full-stacktrace>
          </exception> <!-- java.lang.AssertionError -->
          <reporter-output>
          </reporter-output>
        </test-method> <!-- findName -->
        <test-method is-config="true" signature="tearDown()[pri:0, instance:org.hcode.tests.WebTablesTests@33065d67]" started-at="2024-04-14T00:11:34 IST" name="tearDown" finished-at="2024-04-14T00:11:37 IST" duration-ms="3441" status="PASS">
          <reporter-output>
          </reporter-output>
        </test-method> <!-- tearDown -->
      </class> <!-- org.hcode.tests.WebTablesTests -->
    </test> <!-- Test -->
  </suite> <!-- Suite -->
</testng-results>
